<?xml version="1.0" encoding="UTF-8"?>
<testng-results ignored="1" total="2" passed="0" failed="1" skipped="0">
  <reporter-output>
  </reporter-output>
  <suite started-at="2023-05-16T20:29:36 IST" name="Suite" finished-at="2023-05-16T20:29:45 IST" duration-ms="8228">
    <groups>
    </groups>
    <test started-at="2023-05-16T20:29:36 IST" name="Test" finished-at="2023-05-16T20:29:45 IST" duration-ms="8228">
      <class name="com.test.SettingsTestPage">
        <test-method is-config="true" signature="preLaunch(java.lang.String)[pri:0, instance:com.test.SettingsTestPage@2892d68]" started-at="2023-05-16T20:29:37 IST" name="preLaunch" finished-at="2023-05-16T20:29:40 IST" duration-ms="3530" status="PASS">
          <params>
            <param index="0">
              <value>
                <![CDATA[chrome]]>
              </value>
            </param>
          </params>
          <reporter-output>
          </reporter-output>
        </test-method> <!-- preLaunch -->
        <test-method is-config="true" signature="prerun()[pri:0, instance:com.test.SettingsTestPage@2892d68]" started-at="2023-05-16T20:29:40 IST" name="prerun" finished-at="2023-05-16T20:29:42 IST" duration-ms="1981" status="PASS">
          <reporter-output>
          </reporter-output>
        </test-method> <!-- prerun -->
        <test-method signature="validateUpdateSettingsInSettingsPage()[pri:34, instance:com.test.SettingsTestPage@2892d68]" started-at="2023-05-16T20:29:42 IST" name="validateUpdateSettingsInSettingsPage" finished-at="2023-05-16T20:29:44 IST" duration-ms="2186" status="FAIL">
          <exception class="java.lang.AssertionError">
            <message>
              <![CDATA[The following asserts failed:
expected [] but found [RZFdmqyt],
expected [] but found [4407184647],
expected [] but found [EYejF],
expected [] but found [00],
expected [] but found [04]]]>
            </message>
            <full-stacktrace>
              <![CDATA[java.lang.AssertionError: The following asserts failed:
expected [] but found [RZFdmqyt],
expected [] but found [4407184647],
expected [] but found [EYejF],
expected [] but found [00],
expected [] but found [04]
at org.testng.asserts.SoftAssert.assertAll(SoftAssert.java:46)
at org.testng.asserts.SoftAssert.assertAll(SoftAssert.java:30)
at com.test.SettingsTestPage.validateUpdateSettingsInSettingsPage(SettingsTestPage.java:69)
at java.base/jdk.internal.reflect.NativeMethodAccessorImpl.invoke0(Native Method)
at java.base/jdk.internal.reflect.NativeMethodAccessorImpl.invoke(NativeMethodAccessorImpl.java:77)
at java.base/jdk.internal.reflect.DelegatingMethodAccessorImpl.invoke(DelegatingMethodAccessorImpl.java:43)
at java.base/java.lang.reflect.Method.invoke(Method.java:568)
at org.testng.internal.invokers.MethodInvocationHelper.invokeMethod(MethodInvocationHelper.java:139)
at org.testng.internal.invokers.TestInvoker.invokeMethod(TestInvoker.java:677)
at org.testng.internal.invokers.TestInvoker.invokeTestMethod(TestInvoker.java:221)
at org.testng.internal.invokers.MethodRunner.runInSequence(MethodRunner.java:50)
at org.testng.internal.invokers.TestInvoker$MethodInvocationAgent.invoke(TestInvoker.java:969)
at org.testng.internal.invokers.TestInvoker.invokeTestMethods(TestInvoker.java:194)
at org.testng.internal.invokers.TestMethodWorker.invokeTestMethods(TestMethodWorker.java:148)
at org.testng.internal.invokers.TestMethodWorker.run(TestMethodWorker.java:128)
at java.base/java.util.ArrayList.forEach(ArrayList.java:1511)
at org.testng.TestRunner.privateRun(TestRunner.java:829)
at org.testng.TestRunner.run(TestRunner.java:602)
at org.testng.SuiteRunner.runTest(SuiteRunner.java:437)
at org.testng.SuiteRunner.runSequentially(SuiteRunner.java:431)
at org.testng.SuiteRunner.privateRun(SuiteRunner.java:391)
at org.testng.SuiteRunner.run(SuiteRunner.java:330)
at org.testng.SuiteRunnerWorker.runSuite(SuiteRunnerWorker.java:52)
at org.testng.SuiteRunnerWorker.run(SuiteRunnerWorker.java:95)
at org.testng.TestNG.runSuitesSequentially(TestNG.java:1256)
at org.testng.TestNG.runSuitesLocally(TestNG.java:1176)
at org.testng.TestNG.runSuites(TestNG.java:1099)
at org.testng.TestNG.run(TestNG.java:1067)
at org.testng.remote.AbstractRemoteTestNG.run(AbstractRemoteTestNG.java:115)
at org.testng.remote.RemoteTestNG.initAndRun(RemoteTestNG.java:251)
at org.testng.remote.RemoteTestNG.main(RemoteTestNG.java:77)
]]>
            </full-stacktrace>
          </exception> <!-- java.lang.AssertionError -->
          <reporter-output>
          </reporter-output>
        </test-method> <!-- validateUpdateSettingsInSettingsPage -->
      </class> <!-- com.test.SettingsTestPage -->
    </test> <!-- Test -->
  </suite> <!-- Suite -->
</testng-results>
