<?xml version="1.0" encoding="UTF-8"?>
<!-- Generated by org.testng.reporters.JUnitXMLReporter -->
<testsuite ignored="0" hostname="LAPTOP-RT36H2LD" failures="0" tests="4" name="Default test" time="0.142" errors="0" timestamp="2023-04-13T11:16:07 IST">
  <testcase classname="com.base.AutomationBase" name="@BeforeTest launchBrowser" time="-1.681364767255E9">
    <failure type="org.testng.TestNGException" message="
Parameter &amp;apos;browserName&amp;apos; is required by BeforeTest on method launchBrowser but has not been marked @Optional or defined
in C:\Users\HP\AppData\Local\Temp\testng-eclipse--1079561219\testng-customsuite.xml">
      <![CDATA[org.testng.TestNGException: 
Parameter 'browserName' is required by BeforeTest on method launchBrowser but has not been marked @Optional or defined
in C:\Users\HP\AppData\Local\Temp\testng-eclipse--1079561219\testng-customsuite.xml
at org.testng.internal.Parameters.createParams(Parameters.java:267)
at org.testng.internal.Parameters.createParametersForMethod(Parameters.java:355)
at org.testng.internal.Parameters.createParameters(Parameters.java:684)
at org.testng.internal.Parameters.createConfigurationParameters(Parameters.java:166)
at org.testng.internal.invokers.ConfigInvoker.invokeConfigurations(ConfigInvoker.java:277)
at org.testng.TestRunner.invokeTestConfigurations(TestRunner.java:644)
at org.testng.TestRunner.beforeRun(TestRunner.java:633)
at org.testng.TestRunner.run(TestRunner.java:595)
at org.testng.SuiteRunner.runTest(SuiteRunner.java:437)
at org.testng.SuiteRunner.runSequentially(SuiteRunner.java:431)
at org.testng.SuiteRunner.privateRun(SuiteRunner.java:391)
at org.testng.SuiteRunner.run(SuiteRunner.java:330)
at org.testng.SuiteRunnerWorker.runSuite(SuiteRunnerWorker.java:52)
at org.testng.SuiteRunnerWorker.run(SuiteRunnerWorker.java:95)
at org.testng.TestNG.runSuitesSequentially(TestNG.java:1256)
at org.testng.TestNG.runSuitesLocally(TestNG.java:1176)
at org.testng.TestNG.runSuites(TestNG.java:1099)
at org.testng.TestNG.run(TestNG.java:1067)
at org.testng.remote.AbstractRemoteTestNG.run(AbstractRemoteTestNG.java:115)
at org.testng.remote.RemoteTestNG.initAndRun(RemoteTestNG.java:251)
at org.testng.remote.RemoteTestNG.main(RemoteTestNG.java:77)
]]>
    </failure>
  </testcase> <!-- @BeforeTest launchBrowser -->
  <testcase classname="com.test.StorePageTest" name="@BeforeMethod prerun" time="0.0">
    <skipped/>
  </testcase> <!-- @BeforeMethod prerun -->
  <testcase classname="com.test.StorePageTest" name="@BeforeMethod prerun" time="0.0">
    <skipped/>
  </testcase> <!-- @BeforeMethod prerun -->
  <testcase classname="com.test.StorePageTest" name="@BeforeMethod prerun" time="0.0">
    <skipped/>
  </testcase> <!-- @BeforeMethod prerun -->
  <testcase classname="com.test.StorePageTest" name="@BeforeMethod prerun" time="0.0">
    <skipped/>
  </testcase> <!-- @BeforeMethod prerun -->
  <testcase classname="com.test.StorePageTest" name="validateAddStorePageHasElementsDisplayed" time="0.0">
    <skipped/>
  </testcase> <!-- validateAddStorePageHasElementsDisplayed -->
  <testcase classname="com.test.StorePageTest" name="validateTheEnteredStoreValues" time="0.001">
    <skipped/>
  </testcase> <!-- validateTheEnteredStoreValues -->
  <testcase classname="com.test.StorePageTest" name="validateTheEditedStoreValues" time="0.0">
    <skipped/>
  </testcase> <!-- validateTheEditedStoreValues -->
  <testcase classname="com.test.StorePageTest" name="validateTheDeleteIcon" time="0.0">
    <skipped/>
  </testcase> <!-- validateTheDeleteIcon -->
</testsuite> <!-- Default test -->
