<?xml version="1.0" encoding="UTF-8"?>
<!-- Generated by org.testng.reporters.JUnitXMLReporter -->
<testsuite ignored="0" hostname="LAPTOP-RT36H2LD" failures="1" tests="1" name="Test2" time="7.381" errors="0" timestamp="2023-05-04T19:08:20 IST">
  <testcase classname="com.test.HomePageTest" name="validateTheLinksDisplayedInHomePage" time="0.28">
    <failure type="java.lang.AssertionError" message="The following asserts failed:
	Failure Message: Link not displayed expected [true] but found [false],
	Failure Message: Link not displayed expected [true] but found [false],
	Failure Message: Link not displayed expected [true] but found [false],
	Failure Message: Link not displayed expected [true] but found [false],
	Failure Message: Link not displayed expected [true] but found [false],
	Failure Message: Link not displayed expected [true] but found [false],
	Failure Message: Link not displayed expected [true] but found [false],
	Failure Message: Link not displayed expected [true] but found [false],
	Failure Message: Link not displayed expected [true] but found [false],
	Failure Message: Link not displayed expected [true] but found [false],
	Failure Message: Link not displayed expected [true] but found [false]">
      <![CDATA[java.lang.AssertionError: The following asserts failed:
Failure Message: Link not displayed expected [true] but found [false],
Failure Message: Link not displayed expected [true] but found [false],
Failure Message: Link not displayed expected [true] but found [false],
Failure Message: Link not displayed expected [true] but found [false],
Failure Message: Link not displayed expected [true] but found [false],
Failure Message: Link not displayed expected [true] but found [false],
Failure Message: Link not displayed expected [true] but found [false],
Failure Message: Link not displayed expected [true] but found [false],
Failure Message: Link not displayed expected [true] but found [false],
Failure Message: Link not displayed expected [true] but found [false],
Failure Message: Link not displayed expected [true] but found [false]
at com.test.HomePageTest.validateTheLinksDisplayedInHomePage(HomePageTest.java:48)
at java.base/java.util.ArrayList.forEach(ArrayList.java:1511)
at java.base/java.util.concurrent.FutureTask.run(FutureTask.java:264)
at java.base/java.util.concurrent.ThreadPoolExecutor.runWorker(ThreadPoolExecutor.java:1136)
at java.base/java.util.concurrent.ThreadPoolExecutor$Worker.run(ThreadPoolExecutor.java:635)
at java.base/java.lang.Thread.run(Thread.java:833)
... Removed 19 stack frames]]>
    </failure>
  </testcase> <!-- validateTheLinksDisplayedInHomePage -->
</testsuite> <!-- Test2 -->
