<html>
<head>
<title>TestNG:  Test</title>
<link href="../testng.css" rel="stylesheet" type="text/css" />
<link href="../my-testng.css" rel="stylesheet" type="text/css" />

<style type="text/css">
.log { display: none;} 
.stack-trace { display: none;} 
</style>
<script type="text/javascript">
<!--
function flip(e) {
  current = e.style.display;
  if (current == 'block') {
    e.style.display = 'none';
    return 0;
  }
  else {
    e.style.display = 'block';
    return 1;
  }
}

function toggleBox(szDivId, elem, msg1, msg2)
{
  var res = -1;  if (document.getElementById) {
    res = flip(document.getElementById(szDivId));
  }
  else if (document.all) {
    // this is the way old msie versions work
    res = flip(document.all[szDivId]);
  }
  if(elem) {
    if(res == 0) elem.innerHTML = msg1; else elem.innerHTML = msg2;
  }

}

function toggleAllBoxes() {
  if (document.getElementsByTagName) {
    d = document.getElementsByTagName('div');
    for (i = 0; i < d.length; i++) {
      if (d[i].className == 'log') {
        flip(d[i]);
      }
    }
  }
}

// -->
</script>

</head>
<body>
<h2 align='center'>Test</h2><table border='1' align="center">
<tr>
<td>Tests passed/Failed/Skipped:</td><td>43/0/2</td>
</tr><tr>
<td>Started on:</td><td>Thu May 25 19:40:48 IST 2023</td>
</tr>
<tr><td>Total time:</td><td>454 seconds (454125 ms)</td>
</tr><tr>
<td>Included groups:</td><td></td>
</tr><tr>
<td>Excluded groups:</td><td></td>
</tr>
</table><p/>
<small><i>(Hover the method name to see the test class name)</i></small><p/>
<table width='100%' border='1' class='invocation-passed'>
<tr><td colspan='4' align='center'><b>PASSED TESTS</b></td></tr>
<tr><td><b>Test method</b></td>
<td><b>Attribute(s)</b></td>
<td width="30%"><b>Exception</b></td>
<td width="10%"><b>Time (seconds)</b></td>
<td><b>Instance</b></td>
</tr>
<tr>
<td title='com.test.ExpenseInCategoriesTestPage.validateTheEditedCategoryValues_AfterClickingEditButtonInExpensePageInCategoryLink()'><b>validateTheEditedCategoryValues_AfterClickingEditButtonInExpensePageInCategoryLink</b><br>Test class: com.test.ExpenseInCategoriesTestPage</td>
<td></td>
<td>6</td>
<td>com.test.ExpenseInCategoriesTestPage@c430e6c</td></tr>
<tr>
<td title='com.test.WaiterPageTest.validateTheEditedWaiterValues_AfterClickingEditButtonInWaiterPage()'><b>validateTheEditedWaiterValues_AfterClickingEditButtonInWaiterPage</b><br>Test class: com.test.WaiterPageTest<br>Parameters: AAN, 1452367895, aan@gmail.com, MNC</td>
<td></td>
<td>7</td>
<td>com.test.WaiterPageTest@723ca036</td></tr>
<tr>
<td title='com.test.ProductInCategoriesTestPage.validateAddCategoryPageInProductPageInCategoriesLinkHasElementsDisplayed_WhenAddCategoryButtonIsClicked()'><b>validateAddCategoryPageInProductPageInCategoriesLinkHasElementsDisplayed_WhenAddCategoryButtonIsClicked</b><br>Test class: com.test.ProductInCategoriesTestPage</td>
<td></td>
<td>4</td>
<td>com.test.ProductInCategoriesTestPage@52f27fbd</td></tr>
<tr>
<td title='com.test.SupplierPageTest.validateTheDeleteIcon_AfterClickingDeleteButtonInSupplierPageInPeopleLink()'><b>validateTheDeleteIcon_AfterClickingDeleteButtonInSupplierPageInPeopleLink</b><br>Test class: com.test.SupplierPageTest<br>Parameters: 8597461238</td>
<td></td>
<td>5</td>
<td>com.test.SupplierPageTest@28dcca0c</td></tr>
<tr>
<td title='com.test.UsersPageTest.validateTheEnteredUserValuesInUsersPage_InTheCorrespondingFields()'><b>validateTheEnteredUserValuesInUsersPage_InTheCorrespondingFields</b><br>Test class: com.test.UsersPageTest</td>
<td></td>
<td>6</td>
<td>com.test.UsersPageTest@536f2a7e</td></tr>
<tr>
<td title='com.test.SupplierPageTest.validateTheEnteredSupplierValues_AfterClickingAddSupplierButtonInSupplierPageInPeopleLink()'><b>validateTheEnteredSupplierValues_AfterClickingAddSupplierButtonInSupplierPageInPeopleLink</b><br>Test class: com.test.SupplierPageTest<br>Parameters: AANNA, 1478529631, anna@gmail.com, FIRST SUPPLIER</td>
<td></td>
<td>6</td>
<td>com.test.SupplierPageTest@28dcca0c</td></tr>
<tr>
<td title='com.test.WaiterPageTest.validateTheDeleteIcon_AfterClickingDeleteButtonInWaiterPage()'><b>validateTheDeleteIcon_AfterClickingDeleteButtonInWaiterPage</b><br>Test class: com.test.WaiterPageTest<br>Parameters: 1452367895</td>
<td></td>
<td>5</td>
<td>com.test.WaiterPageTest@723ca036</td></tr>
<tr>
<td title='com.test.WaiterPageTest.validateTheEnteredValuesInWaiterPage_AfterClickingAddWaitererButtonInWaiterPage()'><b>validateTheEnteredValuesInWaiterPage_AfterClickingAddWaitererButtonInWaiterPage</b><br>Test class: com.test.WaiterPageTest<br>Parameters: AAN, 1234567890, aan@gmail.com, MNC</td>
<td></td>
<td>7</td>
<td>com.test.WaiterPageTest@723ca036</td></tr>
<tr>
<td title='com.test.CustomerPageTest.validateTheEditedCustomerValues_AfterClickingAddEditButtonInCustomersPageInPeopleLink()'><b>validateTheEditedCustomerValues_AfterClickingAddEditButtonInCustomersPageInPeopleLink</b><br>Test class: com.test.CustomerPageTest<br>Parameters: AAC, 7888888888, aac@gmail.com, 10</td>
<td></td>
<td>7</td>
<td>com.test.CustomerPageTest@25be7b63</td></tr>
<tr>
<td title='com.test.StorePageTest.validateTheDeleteIcon_AfterClickingDeleteButtonInStorePage()'><b>validateTheDeleteIcon_AfterClickingDeleteButtonInStorePage</b><br>Test class: com.test.StorePageTest</td>
<td></td>
<td>5</td>
<td>com.test.StorePageTest@304bb45b</td></tr>
<tr>
<td title='com.test.LoginPageTest.validateLoginPage_ByEnteringUsernameAndPassword()'><b>validateLoginPage_ByEnteringUsernameAndPassword</b><br>Test class: com.test.LoginPageTest</td>
<td></td>
<td>1</td>
<td>com.test.LoginPageTest@5f049ea1</td></tr>
<tr>
<td title='com.test.ProductInCategoriesTestPage.validateTheEnteredCategoryValues_AfterClickingAddCategoryButtonInProductPageInCategoryLink()'><b>validateTheEnteredCategoryValues_AfterClickingAddCategoryButtonInProductPageInCategoryLink</b><br>Test class: com.test.ProductInCategoriesTestPage</td>
<td></td>
<td>6</td>
<td>com.test.ProductInCategoriesTestPage@52f27fbd</td></tr>
<tr>
<td title='com.test.SettingsTestPage.validateSettingsPageHasElementsDisplayed_WhileClickingOnSettingsLink()'><b>validateSettingsPageHasElementsDisplayed_WhileClickingOnSettingsLink</b><br>Test class: com.test.SettingsTestPage</td>
<td></td>
<td>3</td>
<td>com.test.SettingsTestPage@312aa7c</td></tr>
<tr>
<td title='com.test.CustomerPageTest.validateTheEnteredValues_AfterClickingAddCustomerButtonInCustomersPageInPeopleLink()'><b>validateTheEnteredValues_AfterClickingAddCustomerButtonInCustomersPageInPeopleLink</b><br>Test class: com.test.CustomerPageTest<br>Parameters: AAC, 1234567567, aac@gmail.com, 10</td>
<td></td>
<td>9</td>
<td>com.test.CustomerPageTest@25be7b63</td></tr>
<tr>
<td title='com.test.ExpensePageTest.validateTheEditedExpenseValues_AfterClickingEditButtonInExpensePage()'><b>validateTheEditedExpenseValues_AfterClickingEditButtonInExpensePage</b><br>Test class: com.test.ExpensePageTest</td>
<td></td>
<td>7</td>
<td>com.test.ExpensePageTest@45d84a20</td></tr>
<tr>
<td title='com.test.WaiterPageTest.validateTheEnteredValuesInWaiterPage_AfterClickingAddWaitererButtonInWaiterPage()'><b>validateTheEnteredValuesInWaiterPage_AfterClickingAddWaitererButtonInWaiterPage</b><br>Test class: com.test.WaiterPageTest<br>Parameters: AAN, 1234567890, aan@gmail.com, MNC</td>
<td></td>
<td>6</td>
<td>com.test.WaiterPageTest@723ca036</td></tr>
<tr>
<td title='com.test.ProductInCategoriesTestPage.validateTheDeleteCategoryValues_AfterClickingDeleteButtonInProductPageInCategoryLink()'><b>validateTheDeleteCategoryValues_AfterClickingDeleteButtonInProductPageInCategoryLink</b><br>Test class: com.test.ProductInCategoriesTestPage</td>
<td></td>
<td>4</td>
<td>com.test.ProductInCategoriesTestPage@52f27fbd</td></tr>
<tr>
<td title='com.test.StorePageTest.validateTheEditedStoreValues_AfterClickingEditButtonInStorePage()'><b>validateTheEditedStoreValues_AfterClickingEditButtonInStorePage</b><br>Test class: com.test.StorePageTest</td>
<td></td>
<td>6</td>
<td>com.test.StorePageTest@304bb45b</td></tr>
<tr>
<td title='com.test.LogoutTestPage.validateLogoutPage_ByClickingLogoutLink()'><b>validateLogoutPage_ByClickingLogoutLink</b><br>Test class: com.test.LogoutTestPage</td>
<td></td>
<td>3</td>
<td>com.test.LogoutTestPage@72bc6553</td></tr>
<tr>
<td title='com.test.WaiterPageTest.validateTheEditedWaiterValues_AfterClickingEditButtonInWaiterPage()'><b>validateTheEditedWaiterValues_AfterClickingEditButtonInWaiterPage</b><br>Test class: com.test.WaiterPageTest<br>Parameters: AAN, 1452367895, aan@gmail.com, MNC</td>
<td></td>
<td>6</td>
<td>com.test.WaiterPageTest@723ca036</td></tr>
<tr>
<td title='com.test.ExpensePageTest.validateTheEnteredExpenseValues_AfterClickingAddExpenseButtonInExpensePage()'><b>validateTheEnteredExpenseValues_AfterClickingAddExpenseButtonInExpensePage</b><br>Test class: com.test.ExpensePageTest</td>
<td></td>
<td>6</td>
<td>com.test.ExpensePageTest@45d84a20</td></tr>
<tr>
<td title='com.test.UsersPageTest.validateAddUsersPageInSettingsPageHasElementsDisplayed()'><b>validateAddUsersPageInSettingsPageHasElementsDisplayed</b><br>Test class: com.test.UsersPageTest</td>
<td></td>
<td>4</td>
<td>com.test.UsersPageTest@536f2a7e</td></tr>
<tr>
<td title='com.test.ProductPageTest.validateAddProductPageHasElementsDisplayed_WhenAddProductButtonIsClicked()'><b>validateAddProductPageHasElementsDisplayed_WhenAddProductButtonIsClicked</b><br>Test class: com.test.ProductPageTest</td>
<td></td>
<td>6</td>
<td>com.test.ProductPageTest@533bda92</td></tr>
<tr>
<td title='com.test.SupplierPageTest.validateAddSupplierPageInPeopleLinkHasElementsDisplayed_WhenAddSupplierButtonIsClicked()'><b>validateAddSupplierPageInPeopleLinkHasElementsDisplayed_WhenAddSupplierButtonIsClicked</b><br>Test class: com.test.SupplierPageTest</td>
<td></td>
<td>4</td>
<td>com.test.SupplierPageTest@28dcca0c</td></tr>
<tr>
<td title='com.test.ExpenseInCategoriesTestPage.validateAddExpensePageInCategoriesLinkHasElementsDisplayed_WhenAddCustomerButtonIsClicked()'><b>validateAddExpensePageInCategoriesLinkHasElementsDisplayed_WhenAddCustomerButtonIsClicked</b><br>Test class: com.test.ExpenseInCategoriesTestPage</td>
<td></td>
<td>3</td>
<td>com.test.ExpenseInCategoriesTestPage@c430e6c</td></tr>
<tr>
<td title='com.test.CustomerPageTest.validateAddCustomersPageInPeopleLinkHasElementsDisplayed_WhenAddCustomerButtonIsClicked()'><b>validateAddCustomersPageInPeopleLinkHasElementsDisplayed_WhenAddCustomerButtonIsClicked</b><br>Test class: com.test.CustomerPageTest</td>
<td></td>
<td>4</td>
<td>com.test.CustomerPageTest@25be7b63</td></tr>
<tr>
<td title='com.test.StorePageTest.validateTheEnteredStoreValues_AfterClickingAddStoreButtonInStorePage()'><b>validateTheEnteredStoreValues_AfterClickingAddStoreButtonInStorePage</b><br>Test class: com.test.StorePageTest</td>
<td></td>
<td>7</td>
<td>com.test.StorePageTest@304bb45b</td></tr>
<tr>
<td title='com.test.ProductPageTest.validateTheDeleteIcon_AfterClickingDeleteButtonInProductPage()'><b>validateTheDeleteIcon_AfterClickingDeleteButtonInProductPage</b><br>Test class: com.test.ProductPageTest</td>
<td></td>
<td>7</td>
<td>com.test.ProductPageTest@533bda92</td></tr>
<tr>
<td title='com.test.ExpenseInCategoriesTestPage.validateTheDeleteIcon_AfterClickingDeleteButtonInExpensePageInCategoryLink()'><b>validateTheDeleteIcon_AfterClickingDeleteButtonInExpensePageInCategoryLink</b><br>Test class: com.test.ExpenseInCategoriesTestPage</td>
<td></td>
<td>4</td>
<td>com.test.ExpenseInCategoriesTestPage@c430e6c</td></tr>
<tr>
<td title='com.test.ProductPageTest.validateTheEnteredProductValues_AfterClickingAddProductButtonInProductPage()'><b>validateTheEnteredProductValues_AfterClickingAddProductButtonInProductPage</b><br>Test class: com.test.ProductPageTest</td>
<td></td>
<td>26</td>
<td>com.test.ProductPageTest@533bda92</td></tr>
<tr>
<td title='com.test.ProductPageTest.validateTheEditedProducteValues_AfterClickingEdittButtonInProductPage()'><b>validateTheEditedProducteValues_AfterClickingEdittButtonInProductPage</b><br>Test class: com.test.ProductPageTest</td>
<td></td>
<td>8</td>
<td>com.test.ProductPageTest@533bda92</td></tr>
<tr>
<td title='com.test.CustomerPageTest.validateTheDeleteIcon_AfterClickingDeleteButtonInCustomersPageInPeopleLink()'><b>validateTheDeleteIcon_AfterClickingDeleteButtonInCustomersPageInPeopleLink</b><br>Test class: com.test.CustomerPageTest<br>Parameters: 7888888888</td>
<td></td>
<td>5</td>
<td>com.test.CustomerPageTest@25be7b63</td></tr>
<tr>
<td title='com.test.WaiterPageTest.validateAddWaiterPageHasElementsDisplayed_WhenAddWaitererButtonIsClicked()'><b>validateAddWaiterPageHasElementsDisplayed_WhenAddWaitererButtonIsClicked</b><br>Test class: com.test.WaiterPageTest</td>
<td></td>
<td>4</td>
<td>com.test.WaiterPageTest@723ca036</td></tr>
<tr>
<td title='com.test.CustomerPageTest.validateTheEnteredValues_AfterClickingAddCustomerButtonInCustomersPageInPeopleLink()'><b>validateTheEnteredValues_AfterClickingAddCustomerButtonInCustomersPageInPeopleLink</b><br>Test class: com.test.CustomerPageTest<br>Parameters: AAC, 1234567567, aac@gmail.com, 10</td>
<td></td>
<td>6</td>
<td>com.test.CustomerPageTest@25be7b63</td></tr>
<tr>
<td title='com.test.SupplierPageTest.validateTheEnteredSupplierValues_AfterClickingAddSupplierButtonInSupplierPageInPeopleLink()'><b>validateTheEnteredSupplierValues_AfterClickingAddSupplierButtonInSupplierPageInPeopleLink</b><br>Test class: com.test.SupplierPageTest<br>Parameters: AANNA, 1478529631, anna@gmail.com, FIRST SUPPLIER</td>
<td></td>
<td>6</td>
<td>com.test.SupplierPageTest@28dcca0c</td></tr>
<tr>
<td title='com.test.ProductInCategoriesTestPage.validateTheEditedCategoryValues_AfterClickingEditButtonInProductPageInCategoryLink()'><b>validateTheEditedCategoryValues_AfterClickingEditButtonInProductPageInCategoryLink</b><br>Test class: com.test.ProductInCategoriesTestPage</td>
<td></td>
<td>5</td>
<td>com.test.ProductInCategoriesTestPage@52f27fbd</td></tr>
<tr>
<td title='com.test.StorePageTest.validateAddStorePageHasElementsDisplayed_WhenAddStoreButtonIsClicked()'><b>validateAddStorePageHasElementsDisplayed_WhenAddStoreButtonIsClicked</b><br>Test class: com.test.StorePageTest</td>
<td></td>
<td>4</td>
<td>com.test.StorePageTest@304bb45b</td></tr>
<tr>
<td title='com.test.SupplierPageTest.validateTheEditedSupplierValues_AfterClickingEditButtonInSupplierPageInPeopleLink()'><b>validateTheEditedSupplierValues_AfterClickingEditButtonInSupplierPageInPeopleLink</b><br>Test class: com.test.SupplierPageTest<br>Parameters: AANNA, 8597461238, anna@gmail.com, FIRST SUPPLIER</td>
<td></td>
<td>6</td>
<td>com.test.SupplierPageTest@28dcca0c</td></tr>
<tr>
<td title='com.test.ExpenseInCategoriesTestPage.validateTheEnteredCategoryValues_AfterClickingAddCustomerButtonInExpensePageInCategoryLink()'><b>validateTheEnteredCategoryValues_AfterClickingAddCustomerButtonInExpensePageInCategoryLink</b><br>Test class: com.test.ExpenseInCategoriesTestPage</td>
<td></td>
<td>5</td>
<td>com.test.ExpenseInCategoriesTestPage@c430e6c</td></tr>
<tr>
<td title='com.test.CustomerPageTest.validateTheEditedCustomerValues_AfterClickingAddEditButtonInCustomersPageInPeopleLink()'><b>validateTheEditedCustomerValues_AfterClickingAddEditButtonInCustomersPageInPeopleLink</b><br>Test class: com.test.CustomerPageTest<br>Parameters: AAC, 7888888888, aac@gmail.com, 10</td>
<td></td>
<td>8</td>
<td>com.test.CustomerPageTest@25be7b63</td></tr>
<tr>
<td title='com.test.ExpensePageTest.validateAddExpensePageHasElementsDisplayed_WhenAddExpenseButtonIsClicked()'><b>validateAddExpensePageHasElementsDisplayed_WhenAddExpenseButtonIsClicked</b><br>Test class: com.test.ExpensePageTest</td>
<td></td>
<td>4</td>
<td>com.test.ExpensePageTest@45d84a20</td></tr>
<tr>
<td title='com.test.HomePageTest.validateTheLinksDisplayedInHomePage_AfterLogin()'><b>validateTheLinksDisplayedInHomePage_AfterLogin</b><br>Test class: com.test.HomePageTest</td>
<td></td>
<td>1</td>
<td>com.test.HomePageTest@7fd50002</td></tr>
<tr>
<td title='com.test.SupplierPageTest.validateTheEditedSupplierValues_AfterClickingEditButtonInSupplierPageInPeopleLink()'><b>validateTheEditedSupplierValues_AfterClickingEditButtonInSupplierPageInPeopleLink</b><br>Test class: com.test.SupplierPageTest<br>Parameters: AANNA, 8597461238, anna@gmail.com, FIRST SUPPLIER</td>
<td></td>
<td>6</td>
<td>com.test.SupplierPageTest@28dcca0c</td></tr>
</table><p>
<table width='100%' border='1' class='invocation-skipped'>
<tr><td colspan='4' align='center'><b>SKIPPED TESTS</b></td></tr>
<tr><td><b>Test method</b></td>
<td><b>Attribute(s)</b></td>
<td width="30%"><b>Exception</b></td>
<td width="10%"><b>Time (seconds)</b></td>
<td><b>Instance</b></td>
</tr>
<tr>
<td title='com.test.ExpensePageTest.validateTheEditedExpenseValues_AfterClickingEditButtonInExpensePage()'><b>validateTheEditedExpenseValues_AfterClickingEditButtonInExpensePage</b><br>Test class: com.test.ExpensePageTest</td>
<td><div><pre>java.lang.AssertionError: The following asserts failed:
	No matching records found expected [referenceB] but found [null]
	at com.test.ExpensePageTest.validateTheEditedExpenseValues_AfterClickingEditButtonInExpensePage(ExpensePageTest.java:90)
	at java.base/java.util.ArrayList.forEach(ArrayList.java:1541)
... Removed 29 stack frames</pre></div><a href='#' onClick='toggleBox("stack-trace1214951826", this, "Click to show all stack frames", "Click to hide stack frames")'>Click to show all stack frames</a>
<div class='stack-trace' id='stack-trace1214951826'><pre>java.lang.AssertionError: The following asserts failed:
	No matching records found expected [referenceB] but found [null]
	at org.testng.asserts.SoftAssert.assertAll(SoftAssert.java:46)
	at org.testng.asserts.SoftAssert.assertAll(SoftAssert.java:30)
	at com.test.ExpensePageTest.validateTheEditedExpenseValues_AfterClickingEditButtonInExpensePage(ExpensePageTest.java:90)
	at java.base/jdk.internal.reflect.NativeMethodAccessorImpl.invoke0(Native Method)
	at java.base/jdk.internal.reflect.NativeMethodAccessorImpl.invoke(NativeMethodAccessorImpl.java:62)
	at java.base/jdk.internal.reflect.DelegatingMethodAccessorImpl.invoke(DelegatingMethodAccessorImpl.java:43)
	at java.base/java.lang.reflect.Method.invoke(Method.java:566)
	at org.testng.internal.invokers.MethodInvocationHelper.invokeMethod(MethodInvocationHelper.java:139)
	at org.testng.internal.invokers.TestInvoker.invokeMethod(TestInvoker.java:677)
	at org.testng.internal.invokers.TestInvoker.invokeTestMethod(TestInvoker.java:221)
	at org.testng.internal.invokers.MethodRunner.runInSequence(MethodRunner.java:50)
	at org.testng.internal.invokers.TestInvoker$MethodInvocationAgent.invoke(TestInvoker.java:969)
	at org.testng.internal.invokers.TestInvoker.invokeTestMethods(TestInvoker.java:194)
	at org.testng.internal.invokers.TestMethodWorker.invokeTestMethods(TestMethodWorker.java:148)
	at org.testng.internal.invokers.TestMethodWorker.run(TestMethodWorker.java:128)
	at java.base/java.util.ArrayList.forEach(ArrayList.java:1541)
	at org.testng.TestRunner.privateRun(TestRunner.java:829)
	at org.testng.TestRunner.run(TestRunner.java:602)
	at org.testng.SuiteRunner.runTest(SuiteRunner.java:437)
	at org.testng.SuiteRunner.runSequentially(SuiteRunner.java:431)
	at org.testng.SuiteRunner.privateRun(SuiteRunner.java:391)
	at org.testng.SuiteRunner.run(SuiteRunner.java:330)
	at org.testng.SuiteRunnerWorker.runSuite(SuiteRunnerWorker.java:52)
	at org.testng.SuiteRunnerWorker.run(SuiteRunnerWorker.java:95)
	at org.testng.TestNG.runSuitesSequentially(TestNG.java:1256)
	at org.testng.TestNG.runSuitesLocally(TestNG.java:1176)
	at org.testng.TestNG.runSuites(TestNG.java:1099)
	at org.testng.TestNG.run(TestNG.java:1067)
	at org.testng.remote.AbstractRemoteTestNG.run(AbstractRemoteTestNG.java:115)
	at org.testng.remote.RemoteTestNG.initAndRun(RemoteTestNG.java:251)
	at org.testng.remote.RemoteTestNG.main(RemoteTestNG.java:77)
</pre></div></td>
<td>5</td>
<td>com.test.ExpensePageTest@45d84a20</td></tr>
<tr>
<td title='com.test.SupplierPageTest.validateTheEditedSupplierValues_AfterClickingEditButtonInSupplierPageInPeopleLink()'><b>validateTheEditedSupplierValues_AfterClickingEditButtonInSupplierPageInPeopleLink</b><br>Test class: com.test.SupplierPageTest<br>Parameters: AANNA, 8597461238, anna@gmail.com, FIRST SUPPLIER</td>
<td><div><pre>java.lang.AssertionError: The following asserts failed:
	No matching records found expected [8597461238] but found [null],
	No matching records found expected [anna@gmail.com] but found [null]
	at com.test.SupplierPageTest.validateTheEditedSupplierValues_AfterClickingEditButtonInSupplierPageInPeopleLink(SupplierPageTest.java:83)
	at java.base/java.util.ArrayList.forEach(ArrayList.java:1541)
... Removed 29 stack frames</pre></div><a href='#' onClick='toggleBox("stack-trace506875114", this, "Click to show all stack frames", "Click to hide stack frames")'>Click to show all stack frames</a>
<div class='stack-trace' id='stack-trace506875114'><pre>java.lang.AssertionError: The following asserts failed:
	No matching records found expected [8597461238] but found [null],
	No matching records found expected [anna@gmail.com] but found [null]
	at org.testng.asserts.SoftAssert.assertAll(SoftAssert.java:46)
	at org.testng.asserts.SoftAssert.assertAll(SoftAssert.java:30)
	at com.test.SupplierPageTest.validateTheEditedSupplierValues_AfterClickingEditButtonInSupplierPageInPeopleLink(SupplierPageTest.java:83)
	at java.base/jdk.internal.reflect.NativeMethodAccessorImpl.invoke0(Native Method)
	at java.base/jdk.internal.reflect.NativeMethodAccessorImpl.invoke(NativeMethodAccessorImpl.java:62)
	at java.base/jdk.internal.reflect.DelegatingMethodAccessorImpl.invoke(DelegatingMethodAccessorImpl.java:43)
	at java.base/java.lang.reflect.Method.invoke(Method.java:566)
	at org.testng.internal.invokers.MethodInvocationHelper.invokeMethod(MethodInvocationHelper.java:139)
	at org.testng.internal.invokers.TestInvoker.invokeMethod(TestInvoker.java:677)
	at org.testng.internal.invokers.TestInvoker.invokeTestMethod(TestInvoker.java:221)
	at org.testng.internal.invokers.MethodRunner.runInSequence(MethodRunner.java:50)
	at org.testng.internal.invokers.TestInvoker$MethodInvocationAgent.invoke(TestInvoker.java:969)
	at org.testng.internal.invokers.TestInvoker.invokeTestMethods(TestInvoker.java:194)
	at org.testng.internal.invokers.TestMethodWorker.invokeTestMethods(TestMethodWorker.java:148)
	at org.testng.internal.invokers.TestMethodWorker.run(TestMethodWorker.java:128)
	at java.base/java.util.ArrayList.forEach(ArrayList.java:1541)
	at org.testng.TestRunner.privateRun(TestRunner.java:829)
	at org.testng.TestRunner.run(TestRunner.java:602)
	at org.testng.SuiteRunner.runTest(SuiteRunner.java:437)
	at org.testng.SuiteRunner.runSequentially(SuiteRunner.java:431)
	at org.testng.SuiteRunner.privateRun(SuiteRunner.java:391)
	at org.testng.SuiteRunner.run(SuiteRunner.java:330)
	at org.testng.SuiteRunnerWorker.runSuite(SuiteRunnerWorker.java:52)
	at org.testng.SuiteRunnerWorker.run(SuiteRunnerWorker.java:95)
	at org.testng.TestNG.runSuitesSequentially(TestNG.java:1256)
	at org.testng.TestNG.runSuitesLocally(TestNG.java:1176)
	at org.testng.TestNG.runSuites(TestNG.java:1099)
	at org.testng.TestNG.run(TestNG.java:1067)
	at org.testng.remote.AbstractRemoteTestNG.run(AbstractRemoteTestNG.java:115)
	at org.testng.remote.RemoteTestNG.initAndRun(RemoteTestNG.java:251)
	at org.testng.remote.RemoteTestNG.main(RemoteTestNG.java:77)
</pre></div></td>
<td>21</td>
<td>com.test.SupplierPageTest@28dcca0c</td></tr>
</table><p>
</body>
</html>