<?xml version="1.0" encoding="UTF-8"?>
<!-- Generated by org.testng.reporters.JUnitXMLReporter -->
<testsuite ignored="1" hostname="LAPTOP-RT36H2LD" failures="1" tests="1" name="Test" time="8.228" errors="0" timestamp="2023-05-16T20:29:45 IST">
  <testcase classname="com.test.SettingsTestPage" name="validateUpdateSettingsInSettingsPage" time="2.186">
    <failure type="java.lang.AssertionError" message="The following asserts failed:
	expected [] but found [RZFdmqyt],
	expected [] but found [4407184647],
	expected [] but found [EYejF],
	expected [] but found [00],
	expected [] but found [04]">
      <![CDATA[java.lang.AssertionError: The following asserts failed:
expected [] but found [RZFdmqyt],
expected [] but found [4407184647],
expected [] but found [EYejF],
expected [] but found [00],
expected [] but found [04]
at com.test.SettingsTestPage.validateUpdateSettingsInSettingsPage(SettingsTestPage.java:69)
at java.base/java.util.ArrayList.forEach(ArrayList.java:1511)
... Removed 29 stack frames]]>
    </failure>
  </testcase> <!-- validateUpdateSettingsInSettingsPage -->
  <testcase classname="com.test.SettingsTestPage" name="validateSettingsPageHasElementsDisplayed" time="0.0">
    <ignored/>
  </testcase> <!-- validateSettingsPageHasElementsDisplayed -->
</testsuite> <!-- Test -->
