<?xml version="1.0" encoding="UTF-8"?>
<!-- Generated by org.testng.reporters.JUnitXMLReporter -->
<testsuite ignored="0" hostname="LAPTOP-RT36H2LD" failures="1" tests="1" name="Test1" time="4.658" errors="0" timestamp="2023-05-16T20:15:35 IST">
  <testcase classname="com.test.LoginPageTest" name="validateLoginPage" time="0.713">
    <failure type="java.lang.RuntimeException" message="Exception while checking the element is displayed">
      <![CDATA[java.lang.RuntimeException: Exception while checking the element is displayed
at com.utilities.WebActionUtilities.isElementDisplayed(WebActionUtilities.java:52)
at com.pages.HomePage.isProductLinkDisplayed(HomePage.java:70)
at com.test.LoginPageTest.validateLoginPage(LoginPageTest.java:30)
at java.base/java.util.ArrayList.forEach(ArrayList.java:1511)
at java.base/java.util.concurrent.FutureTask.run(FutureTask.java:264)
at java.base/java.util.concurrent.ThreadPoolExecutor.runWorker(ThreadPoolExecutor.java:1136)
at java.base/java.util.concurrent.ThreadPoolExecutor$Worker.run(ThreadPoolExecutor.java:635)
at java.base/java.lang.Thread.run(Thread.java:833)
... Removed 17 stack frames]]>
    </failure>
  </testcase> <!-- validateLoginPage -->
</testsuite> <!-- Test1 -->
