<?xml version="1.0" encoding="UTF-8"?>
<!-- Generated by org.testng.reporters.JUnitReportReporter -->
<testsuite hostname="LAPTOP-RT36H2LD" failures="0" tests="4" name="com.test.WaiterPageTest" time="-1683207424.000" errors="1" timestamp="2023-05-04T19:07:50 IST" skipped="3">
  <testcase classname="com.test.WaiterPageTest" name="preLaunch" time="-1683207424.000">
    <error message="
Parameter &#039;browserName&#039; is required by BeforeTest on method preLaunch but has not been marked @Optional or defined
in C:\Users\HP\git\gitrestaurant\restaurant\parallelmethod.xml" type="org.testng.TestNGException">
      <![CDATA[org.testng.TestNGException: 
Parameter 'browserName' is required by BeforeTest on method preLaunch but has not been marked @Optional or defined
in C:\Users\HP\git\gitrestaurant\restaurant\parallelmethod.xml
at org.testng.internal.Parameters.createParams(Parameters.java:267)
at org.testng.internal.Parameters.createParametersForMethod(Parameters.java:355)
at org.testng.internal.Parameters.createParameters(Parameters.java:684)
at org.testng.internal.Parameters.createConfigurationParameters(Parameters.java:166)
at org.testng.internal.invokers.ConfigInvoker.invokeConfigurations(ConfigInvoker.java:277)
at org.testng.TestRunner.invokeTestConfigurations(TestRunner.java:644)
at org.testng.TestRunner.beforeRun(TestRunner.java:633)
at org.testng.TestRunner.run(TestRunner.java:595)
at org.testng.SuiteRunner.runTest(SuiteRunner.java:437)
at org.testng.SuiteRunner.runSequentially(SuiteRunner.java:431)
at org.testng.SuiteRunner.privateRun(SuiteRunner.java:391)
at org.testng.SuiteRunner.run(SuiteRunner.java:330)
at org.testng.SuiteRunnerWorker.runSuite(SuiteRunnerWorker.java:52)
at org.testng.SuiteRunnerWorker.run(SuiteRunnerWorker.java:95)
at org.testng.TestNG.runSuitesSequentially(TestNG.java:1256)
at org.testng.TestNG.runSuitesLocally(TestNG.java:1176)
at org.testng.TestNG.runSuites(TestNG.java:1099)
at org.testng.TestNG.run(TestNG.java:1067)
at org.testng.remote.AbstractRemoteTestNG.run(AbstractRemoteTestNG.java:115)
at org.testng.remote.RemoteTestNG.initAndRun(RemoteTestNG.java:251)
at org.testng.remote.RemoteTestNG.main(RemoteTestNG.java:77)
]]>
    </error>
  </testcase> <!-- preLaunch -->
  <system-out/>
  <testcase classname="com.test.WaiterPageTest" name="validateAddWaiterPageHasElementsDisplayed" time="0.000">
    <skipped/>
  </testcase> <!-- validateAddWaiterPageHasElementsDisplayed -->
  <system-out/>
  <testcase classname="com.test.WaiterPageTest" name="validateTheEnteredValuesInWaiterPage" time="0.002">
    <skipped/>
  </testcase> <!-- validateTheEnteredValuesInWaiterPage -->
  <system-out/>
  <testcase classname="com.test.WaiterPageTest" name="validateTheEnteredValuesInWaiterPage" time="0.001">
    <skipped/>
  </testcase> <!-- validateTheEnteredValuesInWaiterPage -->
  <system-out/>
</testsuite> <!-- com.test.WaiterPageTest -->
