<?xml version="1.0" encoding="UTF-8"?>
<!-- Generated by org.testng.reporters.JUnitReportReporter -->
<testsuite hostname="LAPTOP-RT36H2LD" failures="1" tests="4" name="com.test.ProductPageTest" time="34.066" errors="0" timestamp="2023-04-28T18:49:41 IST" skipped="3">
  <testcase classname="com.test.ProductPageTest" name="validateEnteredProductValues" time="34.066">
    <failure message="The following asserts failed:
	No matching records found expected [0] but found [000203420342034],
	No matching records found expected [APPLE] but found [233nokianokianokia],
	No matching records found expected [fruits] but found [Carrot],
	No matching records found expected [FRESH] but found [sddsf],
	No matching records found expected [18] but found [21],
	No matching records found expected [10.000 abc] but found [233.000 abc1234569]" type="java.lang.AssertionError">
      <![CDATA[java.lang.AssertionError: The following asserts failed:
No matching records found expected [0] but found [000203420342034],
No matching records found expected [APPLE] but found [233nokianokianokia],
No matching records found expected [fruits] but found [Carrot],
No matching records found expected [FRESH] but found [sddsf],
No matching records found expected [18] but found [21],
No matching records found expected [10.000 abc] but found [233.000 abc1234569]
at org.testng.asserts.SoftAssert.assertAll(SoftAssert.java:46)
at org.testng.asserts.SoftAssert.assertAll(SoftAssert.java:30)
at com.test.ProductPageTest.validateEnteredProductValues(ProductPageTest.java:98)
at java.base/jdk.internal.reflect.NativeMethodAccessorImpl.invoke0(Native Method)
at java.base/jdk.internal.reflect.NativeMethodAccessorImpl.invoke(NativeMethodAccessorImpl.java:77)
at java.base/jdk.internal.reflect.DelegatingMethodAccessorImpl.invoke(DelegatingMethodAccessorImpl.java:43)
at java.base/java.lang.reflect.Method.invoke(Method.java:568)
at org.testng.internal.invokers.MethodInvocationHelper.invokeMethod(MethodInvocationHelper.java:139)
at org.testng.internal.invokers.TestInvoker.invokeMethod(TestInvoker.java:677)
at org.testng.internal.invokers.TestInvoker.invokeTestMethod(TestInvoker.java:221)
at org.testng.internal.invokers.MethodRunner.runInSequence(MethodRunner.java:50)
at org.testng.internal.invokers.TestInvoker$MethodInvocationAgent.invoke(TestInvoker.java:969)
at org.testng.internal.invokers.TestInvoker.invokeTestMethods(TestInvoker.java:194)
at org.testng.internal.invokers.TestMethodWorker.invokeTestMethods(TestMethodWorker.java:148)
at org.testng.internal.invokers.TestMethodWorker.run(TestMethodWorker.java:128)
at java.base/java.util.ArrayList.forEach(ArrayList.java:1511)
at org.testng.TestRunner.privateRun(TestRunner.java:829)
at org.testng.TestRunner.run(TestRunner.java:602)
at org.testng.SuiteRunner.runTest(SuiteRunner.java:437)
at org.testng.SuiteRunner.runSequentially(SuiteRunner.java:431)
at org.testng.SuiteRunner.privateRun(SuiteRunner.java:391)
at org.testng.SuiteRunner.run(SuiteRunner.java:330)
at org.testng.SuiteRunnerWorker.runSuite(SuiteRunnerWorker.java:52)
at org.testng.SuiteRunnerWorker.run(SuiteRunnerWorker.java:95)
at org.testng.TestNG.runSuitesSequentially(TestNG.java:1256)
at org.testng.TestNG.runSuitesLocally(TestNG.java:1176)
at org.testng.TestNG.runSuites(TestNG.java:1099)
at org.testng.TestNG.run(TestNG.java:1067)
at org.testng.remote.AbstractRemoteTestNG.run(AbstractRemoteTestNG.java:115)
at org.testng.remote.RemoteTestNG.initAndRun(RemoteTestNG.java:251)
at org.testng.remote.RemoteTestNG.main(RemoteTestNG.java:77)
]]>
    </failure>
  </testcase> <!-- validateEnteredProductValues -->
  <system-out/>
  <testcase classname="com.test.ProductPageTest" name="validateAddProductPageHasElementsDisplayed">
    <skipped/>
  </testcase> <!-- validateAddProductPageHasElementsDisplayed -->
  <system-out/>
  <testcase classname="com.test.ProductPageTest" name="validateTheEditedProducteValues">
    <skipped/>
  </testcase> <!-- validateTheEditedProducteValues -->
  <system-out/>
  <testcase classname="com.test.ProductPageTest" name="validateTheDeleteIcon">
    <skipped/>
  </testcase> <!-- validateTheDeleteIcon -->
  <system-out/>
</testsuite> <!-- com.test.ProductPageTest -->
